<?xml version="1.0" encoding="UTF-8"?>
<testng-results ignored="0" total="1" passed="1" failed="0" skipped="0">
  <reporter-output>
  </reporter-output>
  <suite started-at="2021-10-04T22:25:55 BST" name="Default suite" finished-at="2021-10-04T22:26:23 BST" duration-ms="28749">
    <groups>
      <group name="cucumber">
        <method signature="AbstractTestNGCucumberTests.runScenario(io.cucumber.testng.PickleWrapper,io.cucumber.testng.FeatureWrapper)[pri:0, instance:Runner.MyRunner@52b1beb6]" name="runScenario" class="io.cucumber.testng.AbstractTestNGCucumberTests"/>
      </group> <!-- cucumber -->
    </groups>
    <test started-at="2021-10-04T22:25:55 BST" name="Default test" finished-at="2021-10-04T22:26:23 BST" duration-ms="28749">
      <class name="Runner.MyRunner">
        <test-method is-config="true" signature="setUpClass()[pri:0, instance:Runner.MyRunner@52b1beb6]" started-at="2021-10-04T22:25:55 BST" name="setUpClass" finished-at="2021-10-04T22:25:55 BST" duration-ms="336" status="PASS">
          <reporter-output>
          </reporter-output>
        </test-method> <!-- setUpClass -->
        <test-method signature="runScenario(io.cucumber.testng.PickleWrapper,io.cucumber.testng.FeatureWrapper)[pri:0, instance:Runner.MyRunner@52b1beb6]" started-at="2021-10-04T22:25:55 BST" name="runScenario" description="Runs Cucumber Scenarios" data-provider="scenarios" finished-at="2021-10-04T22:26:23 BST" duration-ms="28332" status="PASS">
          <params>
            <param index="0">
              <value>
                <![CDATA["Filling form with data"]]>
              </value>
            </param>
            <param index="1">
              <value>
                <![CDATA["Optional[Submitting Form with Data]"]]>
              </value>
            </param>
          </params>
          <reporter-output>
          </reporter-output>
        </test-method> <!-- runScenario -->
        <test-method is-config="true" signature="tearDownClass()[pri:0, instance:Runner.MyRunner@52b1beb6]" started-at="2021-10-04T22:26:23 BST" name="tearDownClass" finished-at="2021-10-04T22:26:23 BST" duration-ms="52" status="PASS">
          <reporter-output>
          </reporter-output>
        </test-method> <!-- tearDownClass -->
      </class> <!-- Runner.MyRunner -->
    </test> <!-- Default test -->
  </suite> <!-- Default suite -->
</testng-results>
